# JRE version: OpenJDK Runtime Environment (Zulu 8.72.0.17-CA-linux64) (8.0_382-b05) (build 1.8.0_382-b05)
# Java VM: OpenJDK 64-Bit Server VM (25.382-b05 mixed mode linux-amd64 compressed oops)
Heap:
 PSYoungGen      total 6656K, used 6067K [0x000000076e980000, 0x000000076f080000, 0x00000007c0000000)
  eden space 6144K, 90% used [0x000000076e980000,0x000000076eef4e58,0x000000076ef80000)
  from space 512K, 93% used [0x000000076f000000,0x000000076f078010,0x000000076f080000)
  to   space 512K, 0% used [0x000000076ef80000,0x000000076ef80000,0x000000076f000000)
 ParOldGen       total 5632K, used 1248K [0x00000006cbc00000, 0x00000006cc180000, 0x000000076e980000)
  object space 5632K, 22% used [0x00000006cbc00000,0x00000006cbd38060,0x00000006cc180000)
 Metaspace       used 7403K, capacity 8084K, committed 8448K, reserved 1056768K
  class space    used 892K, capacity 912K, committed 1024K, reserved 1048576K
GC Heap History (8 events):
Event: 0.249 GC heap before
{Heap before GC invocations=1 (full 0):
 PSYoungGen      total 2048K, used 1510K [0x000000076e980000, 0x000000076ec00000, 0x00000007c0000000)
  eden space 1536K, 98% used [0x000000076e980000,0x000000076eaf9908,0x000000076eb00000)
  from space 512K, 0% used [0x000000076eb80000,0x000000076eb80000,0x000000076ec00000)
  to   space 512K, 0% used [0x000000076eb00000,0x000000076eb00000,0x000000076eb80000)
 ParOldGen       total 5632K, used 0K [0x00000006cbc00000, 0x00000006cc180000, 0x000000076e980000)
  object space 5632K, 0% used [0x00000006cbc00000,0x00000006cbc00000,0x00000006cc180000)
 Metaspace       used 3511K, capacity 4812K, committed 5120K, reserved 1056768K
  class space    used 391K, capacity 456K, committed 512K, reserved 1048576K
Event: 0.258 GC heap after
Heap after GC invocations=1 (full 0):
 PSYoungGen      total 2048K, used 512K [0x000000076e980000, 0x000000076ed80000, 0x00000007c0000000)
  eden space 1536K, 0% used [0x000000076e980000,0x000000076e980000,0x000000076eb00000)
  from space 512K, 100% used [0x000000076eb00000,0x000000076eb80000,0x000000076eb80000)
  to   space 512K, 0% used [0x000000076ed00000,0x000000076ed00000,0x000000076ed80000)
 ParOldGen       total 5632K, used 92K [0x00000006cbc00000, 0x00000006cc180000, 0x000000076e980000)
  object space 5632K, 1% used [0x00000006cbc00000,0x00000006cbc17020,0x00000006cc180000)
 Metaspace       used 3511K, capacity 4812K, committed 5120K, reserved 1056768K
  class space    used 391K, capacity 456K, committed 512K, reserved 1048576K
}
Event: 0.328 GC heap before
{Heap before GC invocations=2 (full 0):
 PSYoungGen      total 2048K, used 1962K [0x000000076e980000, 0x000000076ed80000, 0x00000007c0000000)
  eden space 1536K, 94% used [0x000000076e980000,0x000000076eaea8c8,0x000000076eb00000)
  from space 512K, 100% used [0x000000076eb00000,0x000000076eb80000,0x000000076eb80000)
  to   space 512K, 0% used [0x000000076ed00000,0x000000076ed00000,0x000000076ed80000)
 ParOldGen       total 5632K, used 92K [0x00000006cbc00000, 0x00000006cc180000, 0x000000076e980000)
  object space 5632K, 1% used [0x00000006cbc00000,0x00000006cbc17020,0x00000006cc180000)
 Metaspace       used 4145K, capacity 5324K, committed 5504K, reserved 1056768K
  class space    used 476K, capacity 520K, committed 640K, reserved 1048576K
Event: 0.330 GC heap after
Heap after GC invocations=2 (full 0):
 PSYoungGen      total 3584K, used 512K [0x000000076e980000, 0x000000076ed80000, 0x00000007c0000000)
  eden space 3072K, 0% used [0x000000076e980000,0x000000076e980000,0x000000076ec80000)
  from space 512K, 100% used [0x000000076ed00000,0x000000076ed80000,0x000000076ed80000)
  to   space 512K, 0% used [0x000000076ec80000,0x000000076ec80000,0x000000076ed00000)
 ParOldGen       total 5632K, used 444K [0x00000006cbc00000, 0x00000006cc180000, 0x000000076e980000)
  object space 5632K, 7% used [0x00000006cbc00000,0x00000006cbc6f030,0x00000006cc180000)
 Metaspace       used 4145K, capacity 5324K, committed 5504K, reserved 1056768K
  class space    used 476K, capacity 520K, committed 640K, reserved 1048576K
}
Event: 0.390 GC heap before
{Heap before GC invocations=3 (full 0):
 PSYoungGen      total 3584K, used 3565K [0x000000076e980000, 0x000000076ed80000, 0x00000007c0000000)
  eden space 3072K, 99% used [0x000000076e980000,0x000000076ec7b7e0,0x000000076ec80000)
  from space 512K, 100% used [0x000000076ed00000,0x000000076ed80000,0x000000076ed80000)
  to   space 512K, 0% used [0x000000076ec80000,0x000000076ec80000,0x000000076ed00000)
 ParOldGen       total 5632K, used 444K [0x00000006cbc00000, 0x00000006cc180000, 0x000000076e980000)
  object space 5632K, 7% used [0x00000006cbc00000,0x00000006cbc6f030,0x00000006cc180000)
 Metaspace       used 5137K, capacity 6220K, committed 6400K, reserved 1056768K
  class space    used 608K, capacity 648K, committed 768K, reserved 1048576K
Event: 0.392 GC heap after
Heap after GC invocations=3 (full 0):
 PSYoungGen      total 3584K, used 511K [0x000000076e980000, 0x000000076f080000, 0x00000007c0000000)
  eden space 3072K, 0% used [0x000000076e980000,0x000000076e980000,0x000000076ec80000)
  from space 512K, 99% used [0x000000076ec80000,0x000000076ecffc40,0x000000076ed00000)
  to   space 512K, 0% used [0x000000076f000000,0x000000076f000000,0x000000076f080000)
 ParOldGen       total 5632K, used 808K [0x00000006cbc00000, 0x00000006cc180000, 0x000000076e980000)
  object space 5632K, 14% used [0x00000006cbc00000,0x00000006cbcca060,0x00000006cc180000)
 Metaspace       used 5137K, capacity 6220K, committed 6400K, reserved 1056768K
  class space    used 608K, capacity 648K, committed 768K, reserved 1048576K
}
Event: 0.440 GC heap before
{Heap before GC invocations=4 (full 0):
 PSYoungGen      total 3584K, used 3583K [0x000000076e980000, 0x000000076f080000, 0x00000007c0000000)
  eden space 3072K, 100% used [0x000000076e980000,0x000000076ec80000,0x000000076ec80000)
  from space 512K, 99% used [0x000000076ec80000,0x000000076ecffc40,0x000000076ed00000)
  to   space 512K, 0% used [0x000000076f000000,0x000000076f000000,0x000000076f080000)
 ParOldGen       total 5632K, used 808K [0x00000006cbc00000, 0x00000006cc180000, 0x000000076e980000)
  object space 5632K, 14% used [0x00000006cbc00000,0x00000006cbcca060,0x00000006cc180000)
 Metaspace       used 6186K, capacity 7244K, committed 7552K, reserved 1056768K
  class space    used 754K, capacity 776K, committed 896K, reserved 1048576K
Event: 0.441 GC heap after
Heap after GC invocations=4 (full 0):
 PSYoungGen      total 6656K, used 480K [0x000000076e980000, 0x000000076f080000, 0x00000007c0000000)
  eden space 6144K, 0% used [0x000000076e980000,0x000000076e980000,0x000000076ef80000)
  from space 512K, 93% used [0x000000076f000000,0x000000076f078010,0x000000076f080000)
  to   space 512K, 0% used [0x000000076ef80000,0x000000076ef80000,0x000000076f000000)
 ParOldGen       total 5632K, used 1248K [0x00000006cbc00000, 0x00000006cc180000, 0x000000076e980000)
  object space 5632K, 22% used [0x00000006cbc00000,0x00000006cbd38060,0x00000006cc180000)
 Metaspace       used 6186K, capacity 7244K, committed 7552K, reserved 1056768K
  class space    used 754K, capacity 776K, committed 896K, reserved 1048576K
}

